
> nexus-flow@0.1.0 start /app
> next start

  ▲ Next.js 14.2.4
  - Local:        http://localhost:3000

 ✓ Starting...
 ✓ Ready in 807ms
[31m[auth][error][0m UntrustedHost: Host must be trusted. URL was: http://localhost:3000/api/auth/session. Read more at https://errors.authjs.dev#untrustedhost
    at /app/.next/server/src/middleware.js:420:54043
    at og (/app/.next/server/src/middleware.js:420:56743)
    at process.processTicksAndRejections (node:internal/process/task_queues:105:5)
[31m[auth][error][0m UntrustedHost: Host must be trusted. URL was: http://localhost:3000/api/auth/session. Read more at https://errors.authjs.dev#untrustedhost
    at /app/.next/server/src/middleware.js:420:54043
    at og (/app/.next/server/src/middleware.js:420:56743)
    at process.processTicksAndRejections (node:internal/process/task_queues:105:5)
[31m[auth][error][0m UntrustedHost: Host must be trusted. URL was: http://localhost:3000/api/auth/session. Read more at https://errors.authjs.dev#untrustedhost
    at /app/.next/server/app/api/auth/[...nextauth]/route.js:408:53989
    at a2 (/app/.next/server/app/api/auth/[...nextauth]/route.js:408:56673)
    at process.processTicksAndRejections (node:internal/process/task_queues:105:5)
    at async /app/node_modules/.pnpm/next@14.2.4_@opentelemetry+api@1.9.0_react-dom@18.3.1_react@18.3.1__react@18.3.1/node_modules/next/dist/compiled/next-server/app-route.runtime.prod.js:6:36258
    at async eR.execute (/app/node_modules/.pnpm/next@14.2.4_@opentelemetry+api@1.9.0_react-dom@18.3.1_react@18.3.1__react@18.3.1/node_modules/next/dist/compiled/next-server/app-route.runtime.prod.js:6:26874)
    at async eR.handle (/app/node_modules/.pnpm/next@14.2.4_@opentelemetry+api@1.9.0_react-dom@18.3.1_react@18.3.1__react@18.3.1/node_modules/next/dist/compiled/next-server/app-route.runtime.prod.js:6:37512)
    at async doRender (/app/node_modules/.pnpm/next@14.2.4_@opentelemetry+api@1.9.0_react-dom@18.3.1_react@18.3.1__react@18.3.1/node_modules/next/dist/server/base-server.js:1377:42)
    at async cacheEntry.responseCache.get.routeKind (/app/node_modules/.pnpm/next@14.2.4_@opentelemetry+api@1.9.0_react-dom@18.3.1_react@18.3.1__react@18.3.1/node_modules/next/dist/server/base-server.js:1599:28)
[31m[auth][error][0m UntrustedHost: Host must be trusted. URL was: http://localhost:3000/api/auth/session. Read more at https://errors.authjs.dev#untrustedhost
    at /app/.next/server/src/middleware.js:420:54043
    at og (/app/.next/server/src/middleware.js:420:56743)
    at process.processTicksAndRejections (node:internal/process/task_queues:105:5)
[31m[auth][error][0m UntrustedHost: Host must be trusted. URL was: http://localhost:3000/api/auth/session. Read more at https://errors.authjs.dev#untrustedhost
    at /app/.next/server/src/middleware.js:420:54043
    at og (/app/.next/server/src/middleware.js:420:56743)
    at process.processTicksAndRejections (node:internal/process/task_queues:105:5)
[31m[auth][error][0m UntrustedHost: Host must be trusted. URL was: http://localhost:3000/api/auth/session. Read more at https://errors.authjs.dev#untrustedhost
    at /app/.next/server/app/api/auth/[...nextauth]/route.js:408:53989
    at a2 (/app/.next/server/app/api/auth/[...nextauth]/route.js:408:56673)
    at process.processTicksAndRejections (node:internal/process/task_queues:105:5)
    at async /app/node_modules/.pnpm/next@14.2.4_@opentelemetry+api@1.9.0_react-dom@18.3.1_react@18.3.1__react@18.3.1/node_modules/next/dist/compiled/next-server/app-route.runtime.prod.js:6:36258
    at async eR.execute (/app/node_modules/.pnpm/next@14.2.4_@opentelemetry+api@1.9.0_react-dom@18.3.1_react@18.3.1__react@18.3.1/node_modules/next/dist/compiled/next-server/app-route.runtime.prod.js:6:26874)
    at async eR.handle (/app/node_modules/.pnpm/next@14.2.4_@opentelemetry+api@1.9.0_react-dom@18.3.1_react@18.3.1__react@18.3.1/node_modules/next/dist/compiled/next-server/app-route.runtime.prod.js:6:37512)
    at async doRender (/app/node_modules/.pnpm/next@14.2.4_@opentelemetry+api@1.9.0_react-dom@18.3.1_react@18.3.1__react@18.3.1/node_modules/next/dist/server/base-server.js:1377:42)
    at async cacheEntry.responseCache.get.routeKind (/app/node_modules/.pnpm/next@14.2.4_@opentelemetry+api@1.9.0_react-dom@18.3.1_react@18.3.1__react@18.3.1/node_modules/next/dist/server/base-server.js:1599:28)
[31m[auth][error][0m UntrustedHost: Host must be trusted. URL was: http://localhost:3000/api/auth/session. Read more at https://errors.authjs.dev#untrustedhost
    at /app/.next/server/src/middleware.js:420:54043
    at og (/app/.next/server/src/middleware.js:420:56743)
    at process.processTicksAndRejections (node:internal/process/task_queues:105:5)
[31m[auth][error][0m UntrustedHost: Host must be trusted. URL was: http://localhost:3000/api/auth/session. Read more at https://errors.authjs.dev#untrustedhost
    at /app/.next/server/src/middleware.js:420:54043
    at og (/app/.next/server/src/middleware.js:420:56743)
    at process.processTicksAndRejections (node:internal/process/task_queues:105:5)
[31m[auth][error][0m UntrustedHost: Host must be trusted. URL was: http://localhost:3000/api/auth/session. Read more at https://errors.authjs.dev#untrustedhost
    at /app/.next/server/src/middleware.js:420:54043
    at og (/app/.next/server/src/middleware.js:420:56743)
    at process.processTicksAndRejections (node:internal/process/task_queues:105:5)
[31m[auth][error][0m UntrustedHost: Host must be trusted. URL was: http://localhost:3000/api/auth/session. Read more at https://errors.authjs.dev#untrustedhost
    at /app/.next/server/src/middleware.js:420:54043
    at og (/app/.next/server/src/middleware.js:420:56743)
    at process.processTicksAndRejections (node:internal/process/task_queues:105:5)
[31m[auth][error][0m UntrustedHost: Host must be trusted. URL was: http://localhost:3000/api/auth/session. Read more at https://errors.authjs.dev#untrustedhost
    at /app/.next/server/src/middleware.js:420:54043
    at og (/app/.next/server/src/middleware.js:420:56743)
    at process.processTicksAndRejections (node:internal/process/task_queues:105:5)
[31m[auth][error][0m UntrustedHost: Host must be trusted. URL was: http://localhost:3000/api/auth/session. Read more at https://errors.authjs.dev#untrustedhost
    at /app/.next/server/app/api/auth/[...nextauth]/route.js:408:53989
    at a2 (/app/.next/server/app/api/auth/[...nextauth]/route.js:408:56673)
    at process.processTicksAndRejections (node:internal/process/task_queues:105:5)
    at async /app/node_modules/.pnpm/next@14.2.4_@opentelemetry+api@1.9.0_react-dom@18.3.1_react@18.3.1__react@18.3.1/node_modules/next/dist/compiled/next-server/app-route.runtime.prod.js:6:36258
    at async eR.execute (/app/node_modules/.pnpm/next@14.2.4_@opentelemetry+api@1.9.0_react-dom@18.3.1_react@18.3.1__react@18.3.1/node_modules/next/dist/compiled/next-server/app-route.runtime.prod.js:6:26874)
    at async eR.handle (/app/node_modules/.pnpm/next@14.2.4_@opentelemetry+api@1.9.0_react-dom@18.3.1_react@18.3.1__react@18.3.1/node_modules/next/dist/compiled/next-server/app-route.runtime.prod.js:6:37512)
    at async doRender (/app/node_modules/.pnpm/next@14.2.4_@opentelemetry+api@1.9.0_react-dom@18.3.1_react@18.3.1__react@18.3.1/node_modules/next/dist/server/base-server.js:1377:42)
    at async cacheEntry.responseCache.get.routeKind (/app/node_modules/.pnpm/next@14.2.4_@opentelemetry+api@1.9.0_react-dom@18.3.1_react@18.3.1__react@18.3.1/node_modules/next/dist/server/base-server.js:1599:28)
[31m[auth][error][0m UntrustedHost: Host must be trusted. URL was: http://localhost:3000/api/auth/session. Read more at https://errors.authjs.dev#untrustedhost
    at /app/.next/server/src/middleware.js:420:54043
    at og (/app/.next/server/src/middleware.js:420:56743)
    at process.processTicksAndRejections (node:internal/process/task_queues:105:5)
[31m[auth][error][0m UntrustedHost: Host must be trusted. URL was: http://localhost:3000/api/auth/session. Read more at https://errors.authjs.dev#untrustedhost
    at /app/.next/server/src/middleware.js:420:54043
    at og (/app/.next/server/src/middleware.js:420:56743)
    at process.processTicksAndRejections (node:internal/process/task_queues:105:5)
[31m[auth][error][0m UntrustedHost: Host must be trusted. URL was: http://localhost:3000/api/auth/session. Read more at https://errors.authjs.dev#untrustedhost
    at /app/.next/server/src/middleware.js:420:54043
    at og (/app/.next/server/src/middleware.js:420:56743)
    at process.processTicksAndRejections (node:internal/process/task_queues:105:5)
[31m[auth][error][0m UntrustedHost: Host must be trusted. URL was: http://localhost:3000/api/auth/session. Read more at https://errors.authjs.dev#untrustedhost
    at /app/.next/server/src/middleware.js:420:54043
    at og (/app/.next/server/src/middleware.js:420:56743)
    at process.processTicksAndRejections (node:internal/process/task_queues:105:5)
[31m[auth][error][0m UntrustedHost: Host must be trusted. URL was: http://localhost:3000/api/auth/session. Read more at https://errors.authjs.dev#untrustedhost
    at /app/.next/server/src/middleware.js:420:54043
    at og (/app/.next/server/src/middleware.js:420:56743)
    at process.processTicksAndRejections (node:internal/process/task_queues:105:5)
[31m[auth][error][0m UntrustedHost: Host must be trusted. URL was: http://localhost:3000/api/auth/session. Read more at https://errors.authjs.dev#untrustedhost
    at /app/.next/server/app/api/auth/[...nextauth]/route.js:408:53989
    at a2 (/app/.next/server/app/api/auth/[...nextauth]/route.js:408:56673)
    at process.processTicksAndRejections (node:internal/process/task_queues:105:5)
    at async /app/node_modules/.pnpm/next@14.2.4_@opentelemetry+api@1.9.0_react-dom@18.3.1_react@18.3.1__react@18.3.1/node_modules/next/dist/compiled/next-server/app-route.runtime.prod.js:6:36258
    at async eR.execute (/app/node_modules/.pnpm/next@14.2.4_@opentelemetry+api@1.9.0_react-dom@18.3.1_react@18.3.1__react@18.3.1/node_modules/next/dist/compiled/next-server/app-route.runtime.prod.js:6:26874)
    at async eR.handle (/app/node_modules/.pnpm/next@14.2.4_@opentelemetry+api@1.9.0_react-dom@18.3.1_react@18.3.1__react@18.3.1/node_modules/next/dist/compiled/next-server/app-route.runtime.prod.js:6:37512)
    at async doRender (/app/node_modules/.pnpm/next@14.2.4_@opentelemetry+api@1.9.0_react-dom@18.3.1_react@18.3.1__react@18.3.1/node_modules/next/dist/server/base-server.js:1377:42)
    at async cacheEntry.responseCache.get.routeKind (/app/node_modules/.pnpm/next@14.2.4_@opentelemetry+api@1.9.0_react-dom@18.3.1_react@18.3.1__react@18.3.1/node_modules/next/dist/server/base-server.js:1599:28)
[31m[auth][error][0m UntrustedHost: Host must be trusted. URL was: http://localhost:3000/api/auth/session. Read more at https://errors.authjs.dev#untrustedhost
    at /app/.next/server/src/middleware.js:420:54043
    at og (/app/.next/server/src/middleware.js:420:56743)
    at process.processTicksAndRejections (node:internal/process/task_queues:105:5)
[31m[auth][error][0m UntrustedHost: Host must be trusted. URL was: http://localhost:3000/api/auth/session. Read more at https://errors.authjs.dev#untrustedhost
    at /app/.next/server/src/middleware.js:420:54043
    at og (/app/.next/server/src/middleware.js:420:56743)
    at process.processTicksAndRejections (node:internal/process/task_queues:105:5)
[31m[auth][error][0m UntrustedHost: Host must be trusted. URL was: http://localhost:3000/api/auth/session. Read more at https://errors.authjs.dev#untrustedhost
    at /app/.next/server/src/middleware.js:420:54043
    at og (/app/.next/server/src/middleware.js:420:56743)
    at process.processTicksAndRejections (node:internal/process/task_queues:105:5)
[31m[auth][error][0m UntrustedHost: Host must be trusted. URL was: http://localhost:3000/api/auth/session. Read more at https://errors.authjs.dev#untrustedhost
    at /app/.next/server/src/middleware.js:420:54043
    at og (/app/.next/server/src/middleware.js:420:56743)
    at process.processTicksAndRejections (node:internal/process/task_queues:105:5)
[31m[auth][error][0m UntrustedHost: Host must be trusted. URL was: http://localhost:3000/api/auth/session. Read more at https://errors.authjs.dev#untrustedhost
    at /app/.next/server/app/api/auth/[...nextauth]/route.js:408:53989
    at a2 (/app/.next/server/app/api/auth/[...nextauth]/route.js:408:56673)
    at process.processTicksAndRejections (node:internal/process/task_queues:105:5)
    at async /app/node_modules/.pnpm/next@14.2.4_@opentelemetry+api@1.9.0_react-dom@18.3.1_react@18.3.1__react@18.3.1/node_modules/next/dist/compiled/next-server/app-route.runtime.prod.js:6:36258
    at async eR.execute (/app/node_modules/.pnpm/next@14.2.4_@opentelemetry+api@1.9.0_react-dom@18.3.1_react@18.3.1__react@18.3.1/node_modules/next/dist/compiled/next-server/app-route.runtime.prod.js:6:26874)
    at async eR.handle (/app/node_modules/.pnpm/next@14.2.4_@opentelemetry+api@1.9.0_react-dom@18.3.1_react@18.3.1__react@18.3.1/node_modules/next/dist/compiled/next-server/app-route.runtime.prod.js:6:37512)
    at async doRender (/app/node_modules/.pnpm/next@14.2.4_@opentelemetry+api@1.9.0_react-dom@18.3.1_react@18.3.1__react@18.3.1/node_modules/next/dist/server/base-server.js:1377:42)
    at async cacheEntry.responseCache.get.routeKind (/app/node_modules/.pnpm/next@14.2.4_@opentelemetry+api@1.9.0_react-dom@18.3.1_react@18.3.1__react@18.3.1/node_modules/next/dist/server/base-server.js:1599:28)
[31m[auth][error][0m UntrustedHost: Host must be trusted. URL was: http://localhost:3000/api/auth/session. Read more at https://errors.authjs.dev#untrustedhost
    at /app/.next/server/src/middleware.js:420:54043
    at og (/app/.next/server/src/middleware.js:420:56743)
    at process.processTicksAndRejections (node:internal/process/task_queues:105:5)
[31m[auth][error][0m UntrustedHost: Host must be trusted. URL was: http://localhost:3000/api/auth/session. Read more at https://errors.authjs.dev#untrustedhost
    at /app/.next/server/app/api/auth/[...nextauth]/route.js:408:53989
    at a2 (/app/.next/server/app/api/auth/[...nextauth]/route.js:408:56673)
    at process.processTicksAndRejections (node:internal/process/task_queues:105:5)
    at async /app/node_modules/.pnpm/next@14.2.4_@opentelemetry+api@1.9.0_react-dom@18.3.1_react@18.3.1__react@18.3.1/node_modules/next/dist/compiled/next-server/app-route.runtime.prod.js:6:36258
    at async eR.execute (/app/node_modules/.pnpm/next@14.2.4_@opentelemetry+api@1.9.0_react-dom@18.3.1_react@18.3.1__react@18.3.1/node_modules/next/dist/compiled/next-server/app-route.runtime.prod.js:6:26874)
    at async eR.handle (/app/node_modules/.pnpm/next@14.2.4_@opentelemetry+api@1.9.0_react-dom@18.3.1_react@18.3.1__react@18.3.1/node_modules/next/dist/compiled/next-server/app-route.runtime.prod.js:6:37512)
    at async doRender (/app/node_modules/.pnpm/next@14.2.4_@opentelemetry+api@1.9.0_react-dom@18.3.1_react@18.3.1__react@18.3.1/node_modules/next/dist/server/base-server.js:1377:42)
    at async cacheEntry.responseCache.get.routeKind (/app/node_modules/.pnpm/next@14.2.4_@opentelemetry+api@1.9.0_react-dom@18.3.1_react@18.3.1__react@18.3.1/node_modules/next/dist/server/base-server.js:1599:28)
[31m[auth][error][0m UntrustedHost: Host must be trusted. URL was: http://localhost:3000/api/auth/session. Read more at https://errors.authjs.dev#untrustedhost
    at /app/.next/server/src/middleware.js:420:54043
    at og (/app/.next/server/src/middleware.js:420:56743)
    at process.processTicksAndRejections (node:internal/process/task_queues:105:5)
[31m[auth][error][0m UntrustedHost: Host must be trusted. URL was: http://localhost:3000/api/auth/session. Read more at https://errors.authjs.dev#untrustedhost
    at /app/.next/server/src/middleware.js:420:54043
    at og (/app/.next/server/src/middleware.js:420:56743)
    at process.processTicksAndRejections (node:internal/process/task_queues:105:5)
[31m[auth][error][0m UntrustedHost: Host must be trusted. URL was: http://localhost:3000/api/auth/session. Read more at https://errors.authjs.dev#untrustedhost
    at /app/.next/server/src/middleware.js:420:54043
    at og (/app/.next/server/src/middleware.js:420:56743)
    at process.processTicksAndRejections (node:internal/process/task_queues:105:5)
[31m[auth][error][0m UntrustedHost: Host must be trusted. URL was: http://localhost:3000/api/auth/session. Read more at https://errors.authjs.dev#untrustedhost
    at /app/.next/server/src/middleware.js:420:54043
    at og (/app/.next/server/src/middleware.js:420:56743)
    at process.processTicksAndRejections (node:internal/process/task_queues:105:5)
[31m[auth][error][0m UntrustedHost: Host must be trusted. URL was: http://localhost:3000/api/auth/session. Read more at https://errors.authjs.dev#untrustedhost
    at /app/.next/server/src/middleware.js:420:54043
    at og (/app/.next/server/src/middleware.js:420:56743)
    at process.processTicksAndRejections (node:internal/process/task_queues:105:5)
[31m[auth][error][0m UntrustedHost: Host must be trusted. URL was: http://localhost:3000/api/auth/session. Read more at https://errors.authjs.dev#untrustedhost
    at /app/.next/server/src/middleware.js:420:54043
    at og (/app/.next/server/src/middleware.js:420:56743)
    at process.processTicksAndRejections (node:internal/process/task_queues:105:5)
[31m[auth][error][0m UntrustedHost: Host must be trusted. URL was: http://localhost:3000/api/auth/session. Read more at https://errors.authjs.dev#untrustedhost
    at /app/.next/server/app/api/auth/[...nextauth]/route.js:408:53989
    at a2 (/app/.next/server/app/api/auth/[...nextauth]/route.js:408:56673)
    at process.processTicksAndRejections (node:internal/process/task_queues:105:5)
    at async /app/node_modules/.pnpm/next@14.2.4_@opentelemetry+api@1.9.0_react-dom@18.3.1_react@18.3.1__react@18.3.1/node_modules/next/dist/compiled/next-server/app-route.runtime.prod.js:6:36258
    at async eR.execute (/app/node_modules/.pnpm/next@14.2.4_@opentelemetry+api@1.9.0_react-dom@18.3.1_react@18.3.1__react@18.3.1/node_modules/next/dist/compiled/next-server/app-route.runtime.prod.js:6:26874)
    at async eR.handle (/app/node_modules/.pnpm/next@14.2.4_@opentelemetry+api@1.9.0_react-dom@18.3.1_react@18.3.1__react@18.3.1/node_modules/next/dist/compiled/next-server/app-route.runtime.prod.js:6:37512)
    at async doRender (/app/node_modules/.pnpm/next@14.2.4_@opentelemetry+api@1.9.0_react-dom@18.3.1_react@18.3.1__react@18.3.1/node_modules/next/dist/server/base-server.js:1377:42)
    at async cacheEntry.responseCache.get.routeKind (/app/node_modules/.pnpm/next@14.2.4_@opentelemetry+api@1.9.0_react-dom@18.3.1_react@18.3.1__react@18.3.1/node_modules/next/dist/server/base-server.js:1599:28)
[31m[auth][error][0m UntrustedHost: Host must be trusted. URL was: http://localhost:3000/api/auth/session. Read more at https://errors.authjs.dev#untrustedhost
    at /app/.next/server/src/middleware.js:420:54043
    at og (/app/.next/server/src/middleware.js:420:56743)
    at process.processTicksAndRejections (node:internal/process/task_queues:105:5)
[31m[auth][error][0m UntrustedHost: Host must be trusted. URL was: http://localhost:3000/api/auth/session. Read more at https://errors.authjs.dev#untrustedhost
    at /app/.next/server/app/api/auth/[...nextauth]/route.js:408:53989
    at a2 (/app/.next/server/app/api/auth/[...nextauth]/route.js:408:56673)
    at process.processTicksAndRejections (node:internal/process/task_queues:105:5)
    at async /app/node_modules/.pnpm/next@14.2.4_@opentelemetry+api@1.9.0_react-dom@18.3.1_react@18.3.1__react@18.3.1/node_modules/next/dist/compiled/next-server/app-route.runtime.prod.js:6:36258
    at async eR.execute (/app/node_modules/.pnpm/next@14.2.4_@opentelemetry+api@1.9.0_react-dom@18.3.1_react@18.3.1__react@18.3.1/node_modules/next/dist/compiled/next-server/app-route.runtime.prod.js:6:26874)
    at async eR.handle (/app/node_modules/.pnpm/next@14.2.4_@opentelemetry+api@1.9.0_react-dom@18.3.1_react@18.3.1__react@18.3.1/node_modules/next/dist/compiled/next-server/app-route.runtime.prod.js:6:37512)
    at async doRender (/app/node_modules/.pnpm/next@14.2.4_@opentelemetry+api@1.9.0_react-dom@18.3.1_react@18.3.1__react@18.3.1/node_modules/next/dist/server/base-server.js:1377:42)
    at async cacheEntry.responseCache.get.routeKind (/app/node_modules/.pnpm/next@14.2.4_@opentelemetry+api@1.9.0_react-dom@18.3.1_react@18.3.1__react@18.3.1/node_modules/next/dist/server/base-server.js:1599:28)
[31m[auth][error][0m UntrustedHost: Host must be trusted. URL was: http://localhost:3000/api/auth/session. Read more at https://errors.authjs.dev#untrustedhost
    at /app/.next/server/src/middleware.js:420:54043
    at og (/app/.next/server/src/middleware.js:420:56743)
    at process.processTicksAndRejections (node:internal/process/task_queues:105:5)
[31m[auth][error][0m UntrustedHost: Host must be trusted. URL was: http://localhost:3000/api/auth/session. Read more at https://errors.authjs.dev#untrustedhost
    at /app/.next/server/src/middleware.js:420:54043
    at og (/app/.next/server/src/middleware.js:420:56743)
    at process.processTicksAndRejections (node:internal/process/task_queues:105:5)
[31m[auth][error][0m UntrustedHost: Host must be trusted. URL was: http://localhost:3000/api/auth/session. Read more at https://errors.authjs.dev#untrustedhost
    at /app/.next/server/src/middleware.js:420:54043
    at og (/app/.next/server/src/middleware.js:420:56743)
    at process.processTicksAndRejections (node:internal/process/task_queues:105:5)
[31m[auth][error][0m UntrustedHost: Host must be trusted. URL was: http://localhost:3000/api/auth/session. Read more at https://errors.authjs.dev#untrustedhost
    at /app/.next/server/src/middleware.js:420:54043
    at og (/app/.next/server/src/middleware.js:420:56743)
    at process.processTicksAndRejections (node:internal/process/task_queues:105:5)
[31m[auth][error][0m UntrustedHost: Host must be trusted. URL was: http://localhost:3000/api/auth/session. Read more at https://errors.authjs.dev#untrustedhost
    at /app/.next/server/src/middleware.js:420:54043
    at og (/app/.next/server/src/middleware.js:420:56743)
    at process.processTicksAndRejections (node:internal/process/task_queues:105:5)
[31m[auth][error][0m UntrustedHost: Host must be trusted. URL was: http://localhost:3000/api/auth/session. Read more at https://errors.authjs.dev#untrustedhost
    at /app/.next/server/app/api/auth/[...nextauth]/route.js:408:53989
    at a2 (/app/.next/server/app/api/auth/[...nextauth]/route.js:408:56673)
    at process.processTicksAndRejections (node:internal/process/task_queues:105:5)
    at async /app/node_modules/.pnpm/next@14.2.4_@opentelemetry+api@1.9.0_react-dom@18.3.1_react@18.3.1__react@18.3.1/node_modules/next/dist/compiled/next-server/app-route.runtime.prod.js:6:36258
    at async eR.execute (/app/node_modules/.pnpm/next@14.2.4_@opentelemetry+api@1.9.0_react-dom@18.3.1_react@18.3.1__react@18.3.1/node_modules/next/dist/compiled/next-server/app-route.runtime.prod.js:6:26874)
    at async eR.handle (/app/node_modules/.pnpm/next@14.2.4_@opentelemetry+api@1.9.0_react-dom@18.3.1_react@18.3.1__react@18.3.1/node_modules/next/dist/compiled/next-server/app-route.runtime.prod.js:6:37512)
    at async doRender (/app/node_modules/.pnpm/next@14.2.4_@opentelemetry+api@1.9.0_react-dom@18.3.1_react@18.3.1__react@18.3.1/node_modules/next/dist/server/base-server.js:1377:42)
    at async cacheEntry.responseCache.get.routeKind (/app/node_modules/.pnpm/next@14.2.4_@opentelemetry+api@1.9.0_react-dom@18.3.1_react@18.3.1__react@18.3.1/node_modules/next/dist/server/base-server.js:1599:28)
[31m[auth][error][0m UntrustedHost: Host must be trusted. URL was: http://localhost:3000/api/auth/session. Read more at https://errors.authjs.dev#untrustedhost
    at /app/.next/server/src/middleware.js:420:54043
    at og (/app/.next/server/src/middleware.js:420:56743)
    at process.processTicksAndRejections (node:internal/process/task_queues:105:5)
[31m[auth][error][0m UntrustedHost: Host must be trusted. URL was: http://localhost:3000/api/auth/session. Read more at https://errors.authjs.dev#untrustedhost
    at /app/.next/server/src/middleware.js:420:54043
    at og (/app/.next/server/src/middleware.js:420:56743)
    at process.processTicksAndRejections (node:internal/process/task_queues:105:5)
[31m[auth][error][0m UntrustedHost: Host must be trusted. URL was: http://localhost:3000/api/auth/session. Read more at https://errors.authjs.dev#untrustedhost
    at /app/.next/server/src/middleware.js:420:54043
    at og (/app/.next/server/src/middleware.js:420:56743)
    at process.processTicksAndRejections (node:internal/process/task_queues:105:5)
[31m[auth][error][0m UntrustedHost: Host must be trusted. URL was: http://localhost:3000/api/auth/session. Read more at https://errors.authjs.dev#untrustedhost
    at /app/.next/server/src/middleware.js:420:54043
    at og (/app/.next/server/src/middleware.js:420:56743)
    at process.processTicksAndRejections (node:internal/process/task_queues:105:5)
[31m[auth][error][0m UntrustedHost: Host must be trusted. URL was: http://localhost:3000/api/auth/session. Read more at https://errors.authjs.dev#untrustedhost
    at /app/.next/server/app/api/auth/[...nextauth]/route.js:408:53989
    at a2 (/app/.next/server/app/api/auth/[...nextauth]/route.js:408:56673)
    at process.processTicksAndRejections (node:internal/process/task_queues:105:5)
    at async /app/node_modules/.pnpm/next@14.2.4_@opentelemetry+api@1.9.0_react-dom@18.3.1_react@18.3.1__react@18.3.1/node_modules/next/dist/compiled/next-server/app-route.runtime.prod.js:6:36258
    at async eR.execute (/app/node_modules/.pnpm/next@14.2.4_@opentelemetry+api@1.9.0_react-dom@18.3.1_react@18.3.1__react@18.3.1/node_modules/next/dist/compiled/next-server/app-route.runtime.prod.js:6:26874)
    at async eR.handle (/app/node_modules/.pnpm/next@14.2.4_@opentelemetry+api@1.9.0_react-dom@18.3.1_react@18.3.1__react@18.3.1/node_modules/next/dist/compiled/next-server/app-route.runtime.prod.js:6:37512)
    at async doRender (/app/node_modules/.pnpm/next@14.2.4_@opentelemetry+api@1.9.0_react-dom@18.3.1_react@18.3.1__react@18.3.1/node_modules/next/dist/server/base-server.js:1377:42)
    at async cacheEntry.responseCache.get.routeKind (/app/node_modules/.pnpm/next@14.2.4_@opentelemetry+api@1.9.0_react-dom@18.3.1_react@18.3.1__react@18.3.1/node_modules/next/dist/server/base-server.js:1599:28)
[31m[auth][error][0m UntrustedHost: Host must be trusted. URL was: http://localhost:3000/api/auth/session. Read more at https://errors.authjs.dev#untrustedhost
    at /app/.next/server/src/middleware.js:420:54043
    at og (/app/.next/server/src/middleware.js:420:56743)
    at process.processTicksAndRejections (node:internal/process/task_queues:105:5)
[31m[auth][error][0m UntrustedHost: Host must be trusted. URL was: http://localhost:3000/api/auth/session. Read more at https://errors.authjs.dev#untrustedhost
    at /app/.next/server/src/middleware.js:420:54043
    at og (/app/.next/server/src/middleware.js:420:56743)
    at process.processTicksAndRejections (node:internal/process/task_queues:105:5)
[31m[auth][error][0m UntrustedHost: Host must be trusted. URL was: http://localhost:3000/api/auth/session. Read more at https://errors.authjs.dev#untrustedhost
    at /app/.next/server/src/middleware.js:420:54043
    at og (/app/.next/server/src/middleware.js:420:56743)
    at process.processTicksAndRejections (node:internal/process/task_queues:105:5)
[31m[auth][error][0m UntrustedHost: Host must be trusted. URL was: http://localhost:3000/api/auth/session. Read more at https://errors.authjs.dev#untrustedhost
    at /app/.next/server/src/middleware.js:420:54043
    at og (/app/.next/server/src/middleware.js:420:56743)
    at process.processTicksAndRejections (node:internal/process/task_queues:105:5)
[31m[auth][error][0m UntrustedHost: Host must be trusted. URL was: http://localhost:3000/api/auth/session. Read more at https://errors.authjs.dev#untrustedhost
    at /app/.next/server/src/middleware.js:420:54043
    at og (/app/.next/server/src/middleware.js:420:56743)
    at process.processTicksAndRejections (node:internal/process/task_queues:105:5)
[31m[auth][error][0m UntrustedHost: Host must be trusted. URL was: http://localhost:3000/api/auth/session. Read more at https://errors.authjs.dev#untrustedhost
    at /app/.next/server/src/middleware.js:420:54043
    at og (/app/.next/server/src/middleware.js:420:56743)
    at process.processTicksAndRejections (node:internal/process/task_queues:105:5)
[31m[auth][error][0m UntrustedHost: Host must be trusted. URL was: http://localhost:3000/api/auth/session. Read more at https://errors.authjs.dev#untrustedhost
    at /app/.next/server/app/api/auth/[...nextauth]/route.js:408:53989
    at a2 (/app/.next/server/app/api/auth/[...nextauth]/route.js:408:56673)
    at process.processTicksAndRejections (node:internal/process/task_queues:105:5)
    at async /app/node_modules/.pnpm/next@14.2.4_@opentelemetry+api@1.9.0_react-dom@18.3.1_react@18.3.1__react@18.3.1/node_modules/next/dist/compiled/next-server/app-route.runtime.prod.js:6:36258
    at async eR.execute (/app/node_modules/.pnpm/next@14.2.4_@opentelemetry+api@1.9.0_react-dom@18.3.1_react@18.3.1__react@18.3.1/node_modules/next/dist/compiled/next-server/app-route.runtime.prod.js:6:26874)
    at async eR.handle (/app/node_modules/.pnpm/next@14.2.4_@opentelemetry+api@1.9.0_react-dom@18.3.1_react@18.3.1__react@18.3.1/node_modules/next/dist/compiled/next-server/app-route.runtime.prod.js:6:37512)
    at async doRender (/app/node_modules/.pnpm/next@14.2.4_@opentelemetry+api@1.9.0_react-dom@18.3.1_react@18.3.1__react@18.3.1/node_modules/next/dist/server/base-server.js:1377:42)
    at async cacheEntry.responseCache.get.routeKind (/app/node_modules/.pnpm/next@14.2.4_@opentelemetry+api@1.9.0_react-dom@18.3.1_react@18.3.1__react@18.3.1/node_modules/next/dist/server/base-server.js:1599:28)
[31m[auth][error][0m UntrustedHost: Host must be trusted. URL was: http://localhost:3000/api/auth/session. Read more at https://errors.authjs.dev#untrustedhost
    at /app/.next/server/app/api/auth/[...nextauth]/route.js:408:53989
    at a2 (/app/.next/server/app/api/auth/[...nextauth]/route.js:408:56673)
    at process.processTicksAndRejections (node:internal/process/task_queues:105:5)
    at async /app/node_modules/.pnpm/next@14.2.4_@opentelemetry+api@1.9.0_react-dom@18.3.1_react@18.3.1__react@18.3.1/node_modules/next/dist/compiled/next-server/app-route.runtime.prod.js:6:36258
    at async eR.execute (/app/node_modules/.pnpm/next@14.2.4_@opentelemetry+api@1.9.0_react-dom@18.3.1_react@18.3.1__react@18.3.1/node_modules/next/dist/compiled/next-server/app-route.runtime.prod.js:6:26874)
    at async eR.handle (/app/node_modules/.pnpm/next@14.2.4_@opentelemetry+api@1.9.0_react-dom@18.3.1_react@18.3.1__react@18.3.1/node_modules/next/dist/compiled/next-server/app-route.runtime.prod.js:6:37512)
    at async doRender (/app/node_modules/.pnpm/next@14.2.4_@opentelemetry+api@1.9.0_react-dom@18.3.1_react@18.3.1__react@18.3.1/node_modules/next/dist/server/base-server.js:1377:42)
    at async cacheEntry.responseCache.get.routeKind (/app/node_modules/.pnpm/next@14.2.4_@opentelemetry+api@1.9.0_react-dom@18.3.1_react@18.3.1__react@18.3.1/node_modules/next/dist/server/base-server.js:1599:28)
[31m[auth][error][0m UntrustedHost: Host must be trusted. URL was: http://localhost:3000/api/auth/session. Read more at https://errors.authjs.dev#untrustedhost
    at /app/.next/server/app/api/auth/[...nextauth]/route.js:408:53989
    at a2 (/app/.next/server/app/api/auth/[...nextauth]/route.js:408:56673)
    at process.processTicksAndRejections (node:internal/process/task_queues:105:5)
    at async /app/node_modules/.pnpm/next@14.2.4_@opentelemetry+api@1.9.0_react-dom@18.3.1_react@18.3.1__react@18.3.1/node_modules/next/dist/compiled/next-server/app-route.runtime.prod.js:6:36258
    at async eR.execute (/app/node_modules/.pnpm/next@14.2.4_@opentelemetry+api@1.9.0_react-dom@18.3.1_react@18.3.1__react@18.3.1/node_modules/next/dist/compiled/next-server/app-route.runtime.prod.js:6:26874)
    at async eR.handle (/app/node_modules/.pnpm/next@14.2.4_@opentelemetry+api@1.9.0_react-dom@18.3.1_react@18.3.1__react@18.3.1/node_modules/next/dist/compiled/next-server/app-route.runtime.prod.js:6:37512)
    at async doRender (/app/node_modules/.pnpm/next@14.2.4_@opentelemetry+api@1.9.0_react-dom@18.3.1_react@18.3.1__react@18.3.1/node_modules/next/dist/server/base-server.js:1377:42)
    at async cacheEntry.responseCache.get.routeKind (/app/node_modules/.pnpm/next@14.2.4_@opentelemetry+api@1.9.0_react-dom@18.3.1_react@18.3.1__react@18.3.1/node_modules/next/dist/server/base-server.js:1599:28)
[31m[auth][error][0m UntrustedHost: Host must be trusted. URL was: http://localhost:3000/api/auth/session. Read more at https://errors.authjs.dev#untrustedhost
    at /app/.next/server/src/middleware.js:420:54043
    at og (/app/.next/server/src/middleware.js:420:56743)
    at process.processTicksAndRejections (node:internal/process/task_queues:105:5)
[31m[auth][error][0m UntrustedHost: Host must be trusted. URL was: http://localhost:3000/api/auth/session. Read more at https://errors.authjs.dev#untrustedhost
    at /app/.next/server/src/middleware.js:420:54043
    at og (/app/.next/server/src/middleware.js:420:56743)
    at process.processTicksAndRejections (node:internal/process/task_queues:105:5)
[31m[auth][error][0m UntrustedHost: Host must be trusted. URL was: http://localhost:3000/api/auth/session. Read more at https://errors.authjs.dev#untrustedhost
    at /app/.next/server/src/middleware.js:420:54043
    at og (/app/.next/server/src/middleware.js:420:56743)
    at process.processTicksAndRejections (node:internal/process/task_queues:105:5)
[31m[auth][error][0m UntrustedHost: Host must be trusted. URL was: http://localhost:3000/api/auth/session. Read more at https://errors.authjs.dev#untrustedhost
    at /app/.next/server/src/middleware.js:420:54043
    at og (/app/.next/server/src/middleware.js:420:56743)
    at process.processTicksAndRejections (node:internal/process/task_queues:105:5)
[31m[auth][error][0m UntrustedHost: Host must be trusted. URL was: http://localhost:3000/api/auth/session. Read more at https://errors.authjs.dev#untrustedhost
    at /app/.next/server/src/middleware.js:420:54043
    at og (/app/.next/server/src/middleware.js:420:56743)
    at process.processTicksAndRejections (node:internal/process/task_queues:105:5)
[31m[auth][error][0m UntrustedHost: Host must be trusted. URL was: http://localhost:3000/api/auth/session. Read more at https://errors.authjs.dev#untrustedhost
    at /app/.next/server/src/middleware.js:420:54043
    at og (/app/.next/server/src/middleware.js:420:56743)
    at process.processTicksAndRejections (node:internal/process/task_queues:105:5)
[31m[auth][error][0m UntrustedHost: Host must be trusted. URL was: http://localhost:3000/api/auth/session. Read more at https://errors.authjs.dev#untrustedhost
    at /app/.next/server/src/middleware.js:420:54043
    at og (/app/.next/server/src/middleware.js:420:56743)
    at process.processTicksAndRejections (node:internal/process/task_queues:105:5)
